TelegramBotImageSearch.py[LINE:200]# INFO     [2016-12-02 22:38:54,146]  Start the bot. 
connectionpool.py[LINE:809]# DEBUG    [2016-12-02 22:38:54,310]  Starting new HTTPS connection (1): api.telegram.org
connectionpool.py[LINE:400]# DEBUG    [2016-12-02 22:39:09,436]  https://api.telegram.org:443 "GET /bot195629794:AAE_sDnGaDmdcVozkKMSn9G88ckR413Rheg/getUpdates?offset=1&timeout=20 HTTP/1.1" 200 317
connectionpool.py[LINE:809]# DEBUG    [2016-12-02 22:39:09,881]  Starting new HTTPS connection (1): api.telegram.org
connectionpool.py[LINE:809]# DEBUG    [2016-12-02 22:39:09,881]  Starting new HTTPS connection (1): api.telegram.org
connectionpool.py[LINE:400]# DEBUG    [2016-12-02 22:39:10,241]  https://api.telegram.org:443 "POST /bot195629794:AAE_sDnGaDmdcVozkKMSn9G88ckR413Rheg/sendMessage?chat_id=288164914&text=%D0%9F%D1%80%D0%B8%D0%B2%D0%B5%D1%82%21+%D1%8F+%D1%82%D0%B2%D0%BE%D0%B9+%D0%B1%D0%BE%D1%82.%0A%D0%AF+%D0%BC%D0%BE%D0%B3%D1%83+%D0%BD%D0%B0%D0%B9%D1%82%D0%B8+%D0%B4%D0%BB%D1%8F+%D1%82%D0%B5%D0%B1%D1%8F+%D0%B8%D0%B7%D0%BE%D0%B1%D1%80%D0%B0%D0%B6%D0%B5%D0%BD%D0%B8%D0%B5.&reply_markup=%7B%22keyboard%22%3A+%5B%5B%7B%22text%22%3A+%22%2Fhelp%22%7D%2C+%7B%22text%22%3A+%22%2Fabout%22%7D%5D%2C+%5B%7B%22text%22%3A+%22%2Fsize%22%7D%2C+%7B%22text%22%3A+%22%2Fnumber%22%7D%5D%2C+%5B%7B%22text%22%3A+%22%2Fsettings%22%7D%5D%5D%7D HTTP/1.1" 200 484
connectionpool.py[LINE:400]# DEBUG    [2016-12-02 22:39:14,569]  https://api.telegram.org:443 "GET /bot195629794:AAE_sDnGaDmdcVozkKMSn9G88ckR413Rheg/getUpdates?offset=915039542&timeout=20 HTTP/1.1" 200 316
connectionpool.py[LINE:809]# DEBUG    [2016-12-02 22:39:14,585]  Starting new HTTPS connection (1): api.telegram.org
connectionpool.py[LINE:809]# DEBUG    [2016-12-02 22:39:14,585]  Starting new HTTPS connection (1): api.telegram.org
connectionpool.py[LINE:400]# DEBUG    [2016-12-02 22:39:14,882]  https://api.telegram.org:443 "POST /bot195629794:AAE_sDnGaDmdcVozkKMSn9G88ckR413Rheg/sendMessage?chat_id=288164914&text=%D0%92%D1%8B%D0%B1%D0%B5%D1%80%D0%B8%D1%82%D0%B5+%D1%80%D0%B0%D0%B7%D0%BC%D0%B5%D1%80+%D0%B8%D0%B7%D0%BE%D0%B1%D1%80%D0%B0%D0%B6%D0%B5%D0%BD%D0%B8%D1%8F.&reply_markup=%7B%22keyboard%22%3A+%5B%5B%7B%22text%22%3A+%22%5Cu0431%5Cu043e%5Cu043b%5Cu044c%5Cu0448%5Cu043e%5Cu0439%22%7D%2C+%7B%22text%22%3A+%22%5Cu0441%5Cu0440%5Cu0435%5Cu0434%5Cu043d%5Cu0438%5Cu0439%22%7D%2C+%7B%22text%22%3A+%22%5Cu043c%5Cu0430%5Cu043b%5Cu0435%5Cu043d%5Cu044c%5Cu043a%5Cu0438%5Cu0439%22%7D%5D%5D%7D HTTP/1.1" 200 372
connectionpool.py[LINE:400]# DEBUG    [2016-12-02 22:39:16,757]  https://api.telegram.org:443 "GET /bot195629794:AAE_sDnGaDmdcVozkKMSn9G88ckR413Rheg/getUpdates?offset=915039543&timeout=20 HTTP/1.1" 200 307
connectionpool.py[LINE:809]# DEBUG    [2016-12-02 22:39:16,772]  Starting new HTTPS connection (1): api.telegram.org
connectionpool.py[LINE:809]# DEBUG    [2016-12-02 22:39:16,772]  Starting new HTTPS connection (1): api.telegram.org
connectionpool.py[LINE:400]# DEBUG    [2016-12-02 22:39:17,343]  https://api.telegram.org:443 "POST /bot195629794:AAE_sDnGaDmdcVozkKMSn9G88ckR413Rheg/sendMessage?chat_id=288164914&text=OK&reply_markup=%7B%22keyboard%22%3A+%5B%5B%7B%22text%22%3A+%22%2Fhelp%22%7D%2C+%7B%22text%22%3A+%22%2Fabout%22%7D%5D%2C+%5B%7B%22text%22%3A+%22%2Fsize%22%7D%2C+%7B%22text%22%3A+%22%2Fnumber%22%7D%5D%2C+%5B%7B%22text%22%3A+%22%2Fsettings%22%7D%5D%5D%7D HTTP/1.1" 200 221
connectionpool.py[LINE:400]# DEBUG    [2016-12-02 22:39:18,171]  https://api.telegram.org:443 "GET /bot195629794:AAE_sDnGaDmdcVozkKMSn9G88ckR413Rheg/getUpdates?offset=915039544&timeout=20 HTTP/1.1" 200 318
connectionpool.py[LINE:809]# DEBUG    [2016-12-02 22:39:18,186]  Starting new HTTPS connection (1): api.telegram.org
connectionpool.py[LINE:809]# DEBUG    [2016-12-02 22:39:18,186]  Starting new HTTPS connection (1): api.telegram.org
connectionpool.py[LINE:400]# DEBUG    [2016-12-02 22:39:18,507]  https://api.telegram.org:443 "POST /bot195629794:AAE_sDnGaDmdcVozkKMSn9G88ckR413Rheg/sendMessage?chat_id=288164914&text=%D0%92%D1%8B%D0%B1%D0%B5%D1%80%D0%B8%D1%82%D0%B5+%D0%BA%D0%B0%D0%BA%D0%BE%D0%B5+%D0%BA%D0%BE%D0%BB%D0%B8%D1%87%D0%B5%D1%81%D1%82%D0%B2%D0%BE+%D0%B8%D0%B7%D0%BE%D0%B1%D1%80%D0%B0%D0%B6%D0%B5%D0%BD%D0%B8%D0%B9+%D0%B2%D1%8B+%D1%85%D0%BE%D1%82%D0%B5%D0%BB%D0%B8+%D0%B1%D1%8B+%D0%BD%D0%B0%D0%B9%D1%82%D0%B8.&reply_markup=%7B%22keyboard%22%3A+%5B%5B%7B%22text%22%3A+%221%22%7D%2C+%7B%22text%22%3A+%222%22%7D%2C+%7B%22text%22%3A+%223%22%7D%2C+%7B%22text%22%3A+%224%22%7D%5D%2C+%5B%7B%22text%22%3A+%225%22%7D%2C+%7B%22text%22%3A+%2210%22%7D%2C+%7B%22text%22%3A+%2215%22%7D%2C+%7B%22text%22%3A+%2220%22%7D%5D%5D%7D HTTP/1.1" 200 521
connectionpool.py[LINE:400]# DEBUG    [2016-12-02 22:39:19,436]  https://api.telegram.org:443 "GET /bot195629794:AAE_sDnGaDmdcVozkKMSn9G88ckR413Rheg/getUpdates?offset=915039545&timeout=20 HTTP/1.1" 200 254
connectionpool.py[LINE:809]# DEBUG    [2016-12-02 22:39:19,452]  Starting new HTTPS connection (1): api.telegram.org
connectionpool.py[LINE:809]# DEBUG    [2016-12-02 22:39:19,452]  Starting new HTTPS connection (1): api.telegram.org
connectionpool.py[LINE:400]# DEBUG    [2016-12-02 22:39:19,749]  https://api.telegram.org:443 "POST /bot195629794:AAE_sDnGaDmdcVozkKMSn9G88ckR413Rheg/sendMessage?chat_id=288164914&text=OK&reply_markup=%7B%22keyboard%22%3A+%5B%5B%7B%22text%22%3A+%22%2Fhelp%22%7D%2C+%7B%22text%22%3A+%22%2Fabout%22%7D%5D%2C+%5B%7B%22text%22%3A+%22%2Fsize%22%7D%2C+%7B%22text%22%3A+%22%2Fnumber%22%7D%5D%2C+%5B%7B%22text%22%3A+%22%2Fsettings%22%7D%5D%5D%7D HTTP/1.1" 200 221
connectionpool.py[LINE:400]# DEBUG    [2016-12-02 22:39:29,882]  https://api.telegram.org:443 "GET /bot195629794:AAE_sDnGaDmdcVozkKMSn9G88ckR413Rheg/getUpdates?offset=915039546&timeout=20 HTTP/1.1" 200 259
connectionpool.py[LINE:809]# DEBUG    [2016-12-02 22:39:29,898]  Starting new HTTPS connection (1): api.telegram.org
connectionpool.py[LINE:809]# DEBUG    [2016-12-02 22:39:29,898]  Starting new HTTPS connection (1): api.telegram.org
connectionpool.py[LINE:400]# DEBUG    [2016-12-02 22:39:30,202]  https://api.telegram.org:443 "POST /bot195629794:AAE_sDnGaDmdcVozkKMSn9G88ckR413Rheg/sendMessage?chat_id=288164914&text=%D0%9E%D0%B6%D0%B8%D0%B4%D0%B0%D0%B9%D1%82%D0%B5%2C+%D0%B8%D0%B4%D1%91%D1%82+%D0%BF%D0%BE%D0%B8%D1%81%D0%BA+%D0%B8%D0%B7%D0%BE%D0%B1%D1%80%D0%B0%D0%B6%D0%B5%D0%BD%D0%B8%D0%B9... HTTP/1.1" 200 394
connectionpool.py[LINE:809]# DEBUG    [2016-12-02 22:39:30,218]  Starting new HTTPS connection (1): www.google.ru
connectionpool.py[LINE:400]# DEBUG    [2016-12-02 22:39:30,624]  https://www.google.ru:443 "GET /search?q=Moscow&newwindow=1&source=lnms&tbm=isch&tbs=isz:s HTTP/1.1" 200 None
connectionpool.py[LINE:809]# DEBUG    [2016-12-02 22:39:31,281]  Starting new HTTPS connection (1): cache-graphicslib.viator.com
connectionpool.py[LINE:400]# DEBUG    [2016-12-02 22:39:31,773]  https://cache-graphicslib.viator.com:443 "GET /graphicslib/thumbs360x240/8334/SITours/saint-basil-s-cathedral-early-opening-private-tour-in-moscow-199203.jpg HTTP/1.1" 200 18990
connectionpool.py[LINE:212]# DEBUG    [2016-12-02 22:39:32,234]  Starting new HTTP connection (1): ritzcarltonmoscow.ru
connectionpool.py[LINE:400]# DEBUG    [2016-12-02 22:39:32,484]  http://ritzcarltonmoscow.ru:80 "GET /files/2016-11/3-rcmosco-00103-conversion.png HTTP/1.1" 200 14988
connectionpool.py[LINE:809]# DEBUG    [2016-12-02 22:39:32,578]  Starting new HTTPS connection (1): api.telegram.org
connectionpool.py[LINE:400]# DEBUG    [2016-12-02 22:39:33,062]  https://api.telegram.org:443 "POST /bot195629794:AAE_sDnGaDmdcVozkKMSn9G88ckR413Rheg/sendPhoto?chat_id=288164914 HTTP/1.1" 200 558
connectionpool.py[LINE:809]# DEBUG    [2016-12-02 22:39:33,062]  Starting new HTTPS connection (1): api.telegram.org
connectionpool.py[LINE:400]# DEBUG    [2016-12-02 22:39:33,499]  https://api.telegram.org:443 "POST /bot195629794:AAE_sDnGaDmdcVozkKMSn9G88ckR413Rheg/sendPhoto?chat_id=288164914 HTTP/1.1" 200 444
connectionpool.py[LINE:809]# DEBUG    [2016-12-02 22:39:33,499]  Starting new HTTPS connection (1): api.telegram.org
connectionpool.py[LINE:400]# DEBUG    [2016-12-02 22:39:33,828]  https://api.telegram.org:443 "POST /bot195629794:AAE_sDnGaDmdcVozkKMSn9G88ckR413Rheg/sendMessage?chat_id=288164914&text=%D0%9F%D0%BE%D0%B8%D1%81%D0%BA+%D0%B7%D0%B0%D0%B2%D0%B5%D1%80%D1%88%D1%91%D0%BD.&reply_markup=%7B%22keyboard%22%3A+%5B%5B%7B%22text%22%3A+%22%2Fhelp%22%7D%2C+%7B%22text%22%3A+%22%2Fabout%22%7D%5D%2C+%5B%7B%22text%22%3A+%22%2Fsize%22%7D%2C+%7B%22text%22%3A+%22%2Fnumber%22%7D%5D%2C+%5B%7B%22text%22%3A+%22%2Fsettings%22%7D%5D%5D%7D HTTP/1.1" 200 299
connectionpool.py[LINE:400]# DEBUG    [2016-12-02 22:39:37,367]  https://api.telegram.org:443 "GET /bot195629794:AAE_sDnGaDmdcVozkKMSn9G88ckR413Rheg/getUpdates?offset=915039547&timeout=20 HTTP/1.1" 200 316
connectionpool.py[LINE:809]# DEBUG    [2016-12-02 22:39:37,382]  Starting new HTTPS connection (1): api.telegram.org
connectionpool.py[LINE:809]# DEBUG    [2016-12-02 22:39:37,382]  Starting new HTTPS connection (1): api.telegram.org
connectionpool.py[LINE:400]# DEBUG    [2016-12-02 22:39:37,687]  https://api.telegram.org:443 "POST /bot195629794:AAE_sDnGaDmdcVozkKMSn9G88ckR413Rheg/sendMessage?chat_id=288164914&text=%D0%92%D1%8B%D0%B1%D0%B5%D1%80%D0%B8%D1%82%D0%B5+%D1%80%D0%B0%D0%B7%D0%BC%D0%B5%D1%80+%D0%B8%D0%B7%D0%BE%D0%B1%D1%80%D0%B0%D0%B6%D0%B5%D0%BD%D0%B8%D1%8F.&reply_markup=%7B%22keyboard%22%3A+%5B%5B%7B%22text%22%3A+%22%5Cu0431%5Cu043e%5Cu043b%5Cu044c%5Cu0448%5Cu043e%5Cu0439%22%7D%2C+%7B%22text%22%3A+%22%5Cu0441%5Cu0440%5Cu0435%5Cu0434%5Cu043d%5Cu0438%5Cu0439%22%7D%2C+%7B%22text%22%3A+%22%5Cu043c%5Cu0430%5Cu043b%5Cu0435%5Cu043d%5Cu044c%5Cu043a%5Cu0438%5Cu0439%22%7D%5D%5D%7D HTTP/1.1" 200 372
connectionpool.py[LINE:400]# DEBUG    [2016-12-02 22:39:38,882]  https://api.telegram.org:443 "GET /bot195629794:AAE_sDnGaDmdcVozkKMSn9G88ckR413Rheg/getUpdates?offset=915039548&timeout=20 HTTP/1.1" 200 295
connectionpool.py[LINE:809]# DEBUG    [2016-12-02 22:39:38,898]  Starting new HTTPS connection (1): api.telegram.org
connectionpool.py[LINE:809]# DEBUG    [2016-12-02 22:39:38,898]  Starting new HTTPS connection (1): api.telegram.org
connectionpool.py[LINE:400]# DEBUG    [2016-12-02 22:39:39,617]  https://api.telegram.org:443 "POST /bot195629794:AAE_sDnGaDmdcVozkKMSn9G88ckR413Rheg/sendMessage?chat_id=288164914&text=OK&reply_markup=%7B%22keyboard%22%3A+%5B%5B%7B%22text%22%3A+%22%2Fhelp%22%7D%2C+%7B%22text%22%3A+%22%2Fabout%22%7D%5D%2C+%5B%7B%22text%22%3A+%22%2Fsize%22%7D%2C+%7B%22text%22%3A+%22%2Fnumber%22%7D%5D%2C+%5B%7B%22text%22%3A+%22%2Fsettings%22%7D%5D%5D%7D HTTP/1.1" 200 221
connectionpool.py[LINE:400]# DEBUG    [2016-12-02 22:39:40,515]  https://api.telegram.org:443 "GET /bot195629794:AAE_sDnGaDmdcVozkKMSn9G88ckR413Rheg/getUpdates?offset=915039549&timeout=20 HTTP/1.1" 200 318
connectionpool.py[LINE:809]# DEBUG    [2016-12-02 22:39:40,531]  Starting new HTTPS connection (1): api.telegram.org
connectionpool.py[LINE:809]# DEBUG    [2016-12-02 22:39:40,531]  Starting new HTTPS connection (1): api.telegram.org
connectionpool.py[LINE:400]# DEBUG    [2016-12-02 22:39:40,843]  https://api.telegram.org:443 "POST /bot195629794:AAE_sDnGaDmdcVozkKMSn9G88ckR413Rheg/sendMessage?chat_id=288164914&text=%D0%92%D1%8B%D0%B1%D0%B5%D1%80%D0%B8%D1%82%D0%B5+%D0%BA%D0%B0%D0%BA%D0%BE%D0%B5+%D0%BA%D0%BE%D0%BB%D0%B8%D1%87%D0%B5%D1%81%D1%82%D0%B2%D0%BE+%D0%B8%D0%B7%D0%BE%D0%B1%D1%80%D0%B0%D0%B6%D0%B5%D0%BD%D0%B8%D0%B9+%D0%B2%D1%8B+%D1%85%D0%BE%D1%82%D0%B5%D0%BB%D0%B8+%D0%B1%D1%8B+%D0%BD%D0%B0%D0%B9%D1%82%D0%B8.&reply_markup=%7B%22keyboard%22%3A+%5B%5B%7B%22text%22%3A+%221%22%7D%2C+%7B%22text%22%3A+%222%22%7D%2C+%7B%22text%22%3A+%223%22%7D%2C+%7B%22text%22%3A+%224%22%7D%5D%2C+%5B%7B%22text%22%3A+%225%22%7D%2C+%7B%22text%22%3A+%2210%22%7D%2C+%7B%22text%22%3A+%2215%22%7D%2C+%7B%22text%22%3A+%2220%22%7D%5D%5D%7D HTTP/1.1" 200 521
connectionpool.py[LINE:400]# DEBUG    [2016-12-02 22:39:42,515]  https://api.telegram.org:443 "GET /bot195629794:AAE_sDnGaDmdcVozkKMSn9G88ckR413Rheg/getUpdates?offset=915039550&timeout=20 HTTP/1.1" 200 255
connectionpool.py[LINE:809]# DEBUG    [2016-12-02 22:39:42,531]  Starting new HTTPS connection (1): api.telegram.org
connectionpool.py[LINE:809]# DEBUG    [2016-12-02 22:39:42,531]  Starting new HTTPS connection (1): api.telegram.org
connectionpool.py[LINE:400]# DEBUG    [2016-12-02 22:39:42,828]  https://api.telegram.org:443 "POST /bot195629794:AAE_sDnGaDmdcVozkKMSn9G88ckR413Rheg/sendMessage?chat_id=288164914&text=OK&reply_markup=%7B%22keyboard%22%3A+%5B%5B%7B%22text%22%3A+%22%2Fhelp%22%7D%2C+%7B%22text%22%3A+%22%2Fabout%22%7D%5D%2C+%5B%7B%22text%22%3A+%22%2Fsize%22%7D%2C+%7B%22text%22%3A+%22%2Fnumber%22%7D%5D%2C+%5B%7B%22text%22%3A+%22%2Fsettings%22%7D%5D%5D%7D HTTP/1.1" 200 221
connectionpool.py[LINE:400]# DEBUG    [2016-12-02 22:39:45,172]  https://api.telegram.org:443 "GET /bot195629794:AAE_sDnGaDmdcVozkKMSn9G88ckR413Rheg/getUpdates?offset=915039551&timeout=20 HTTP/1.1" 200 320
connectionpool.py[LINE:809]# DEBUG    [2016-12-02 22:39:45,187]  Starting new HTTPS connection (1): api.telegram.org
connectionpool.py[LINE:809]# DEBUG    [2016-12-02 22:39:45,187]  Starting new HTTPS connection (1): api.telegram.org
connectionpool.py[LINE:400]# DEBUG    [2016-12-02 22:39:45,484]  https://api.telegram.org:443 "POST /bot195629794:AAE_sDnGaDmdcVozkKMSn9G88ckR413Rheg/sendMessage?chat_id=288164914&text=%D0%A0%D0%B0%D0%B7%D0%BC%D0%B5%D1%80%3A+%D0%B1%D0%BE%D0%BB%D1%8C%D1%88%D0%BE%D0%B9%0A%D0%9A%D0%BE%D0%BB%D0%B8%D1%87%D0%B5%D1%81%D1%82%D0%B2%D0%BE%3A+10&reply_markup=%7B%22keyboard%22%3A+%5B%5B%7B%22text%22%3A+%22%2Fhelp%22%7D%2C+%7B%22text%22%3A+%22%2Fabout%22%7D%5D%2C+%5B%7B%22text%22%3A+%22%2Fsize%22%7D%2C+%7B%22text%22%3A+%22%2Fnumber%22%7D%5D%2C+%5B%7B%22text%22%3A+%22%2Fsettings%22%7D%5D%5D%7D HTTP/1.1" 200 365
connectionpool.py[LINE:400]# DEBUG    [2016-12-02 22:39:59,883]  https://api.telegram.org:443 "GET /bot195629794:AAE_sDnGaDmdcVozkKMSn9G88ckR413Rheg/getUpdates?offset=915039552&timeout=20 HTTP/1.1" 200 277
connectionpool.py[LINE:809]# DEBUG    [2016-12-02 22:39:59,899]  Starting new HTTPS connection (1): api.telegram.org
connectionpool.py[LINE:809]# DEBUG    [2016-12-02 22:39:59,899]  Starting new HTTPS connection (1): api.telegram.org
connectionpool.py[LINE:400]# DEBUG    [2016-12-02 22:40:00,227]  https://api.telegram.org:443 "POST /bot195629794:AAE_sDnGaDmdcVozkKMSn9G88ckR413Rheg/sendMessage?chat_id=288164914&text=%D0%9E%D0%B6%D0%B8%D0%B4%D0%B0%D0%B9%D1%82%D0%B5%2C+%D0%B8%D0%B4%D1%91%D1%82+%D0%BF%D0%BE%D0%B8%D1%81%D0%BA+%D0%B8%D0%B7%D0%BE%D0%B1%D1%80%D0%B0%D0%B6%D0%B5%D0%BD%D0%B8%D0%B9... HTTP/1.1" 200 394
connectionpool.py[LINE:809]# DEBUG    [2016-12-02 22:40:00,243]  Starting new HTTPS connection (1): www.google.ru
connectionpool.py[LINE:400]# DEBUG    [2016-12-02 22:40:00,532]  https://www.google.ru:443 "GET /search?q=%D0%94%D0%B3%D1%82%D1%83&newwindow=1&source=lnms&tbm=isch&tbs=isz:ex,iszw:1920,iszh:1080 HTTP/1.1" 200 None
connectionpool.py[LINE:809]# DEBUG    [2016-12-02 22:40:01,133]  Starting new HTTPS connection (1): i.ytimg.com
connectionpool.py[LINE:400]# DEBUG    [2016-12-02 22:40:01,430]  https://i.ytimg.com:443 "GET /vi/yu4U1LipCxA/maxresdefault.jpg HTTP/1.1" 200 179210
connectionpool.py[LINE:809]# DEBUG    [2016-12-02 22:40:01,727]  Starting new HTTPS connection (1): i.ytimg.com
connectionpool.py[LINE:400]# DEBUG    [2016-12-02 22:40:01,915]  https://i.ytimg.com:443 "GET /vi/gkCPCRm8_fY/maxresdefault.jpg HTTP/1.1" 200 140780
connectionpool.py[LINE:809]# DEBUG    [2016-12-02 22:40:02,180]  Starting new HTTPS connection (1): i.ytimg.com
connectionpool.py[LINE:400]# DEBUG    [2016-12-02 22:40:02,508]  https://i.ytimg.com:443 "GET /vi/zY_uJOzxdWQ/maxresdefault.jpg HTTP/1.1" 200 166415
connectionpool.py[LINE:212]# DEBUG    [2016-12-02 22:40:02,899]  Starting new HTTP connection (1): dstu.ru
connectionpool.py[LINE:400]# DEBUG    [2016-12-02 22:40:03,258]  http://dstu.ru:80 "GET /uploads/pics/x.jpg HTTP/1.1" 200 456654
connectionpool.py[LINE:212]# DEBUG    [2016-12-02 22:40:05,891]  Starting new HTTP connection (1): dstu.ru
connectionpool.py[LINE:400]# DEBUG    [2016-12-02 22:40:06,094]  http://dstu.ru:80 "GET /uploads/pics/4_306.jpg HTTP/1.1" 200 379804
connectionpool.py[LINE:212]# DEBUG    [2016-12-02 22:40:06,884]  Starting new HTTP connection (1): www.sssu.ru
connectionpool.py[LINE:400]# DEBUG    [2016-12-02 22:40:07,337]  http://www.sssu.ru:80 "GET /Portals/0/2014/04/%D1%84%D0%BE%D1%82%D0%BE4.jpg HTTP/1.1" 200 488900
connectionpool.py[LINE:212]# DEBUG    [2016-12-02 22:40:08,040]  Starting new HTTP connection (1): dstu.ru
connectionpool.py[LINE:400]# DEBUG    [2016-12-02 22:40:08,220]  http://dstu.ru:80 "GET /uploads/pics/2_751.jpg HTTP/1.1" 200 367110
connectionpool.py[LINE:212]# DEBUG    [2016-12-02 22:40:08,688]  Starting new HTTP connection (1): dstu.ru
connectionpool.py[LINE:400]# DEBUG    [2016-12-02 22:40:08,798]  http://dstu.ru:80 "GET /uploads/pics/DSC00575_01.JPG HTTP/1.1" 200 824065
connectionpool.py[LINE:212]# DEBUG    [2016-12-02 22:40:09,727]  Starting new HTTP connection (1): www.sssu.ru
connectionpool.py[LINE:400]# DEBUG    [2016-12-02 22:40:09,837]  http://www.sssu.ru:80 "GET /Portals/0/2015/01/C/Image3.jpg HTTP/1.1" 200 368061
connectionpool.py[LINE:809]# DEBUG    [2016-12-02 22:40:10,485]  Starting new HTTPS connection (1): i.vimeocdn.com
connectionpool.py[LINE:400]# DEBUG    [2016-12-02 22:40:12,306]  https://i.vimeocdn.com:443 "GET /video/517645414.jpg?mw%5Cu003d1920%5Cu0026mh%5Cu003d1080%5Cu0026q%5Cu003d70 HTTP/1.1" 200 365728
connectionpool.py[LINE:809]# DEBUG    [2016-12-02 22:40:12,845]  Starting new HTTPS connection (1): api.telegram.org
connectionpool.py[LINE:400]# DEBUG    [2016-12-02 22:40:13,798]  https://api.telegram.org:443 "POST /bot195629794:AAE_sDnGaDmdcVozkKMSn9G88ckR413Rheg/sendPhoto?chat_id=288164914 HTTP/1.1" 200 791
connectionpool.py[LINE:809]# DEBUG    [2016-12-02 22:40:13,798]  Starting new HTTPS connection (1): api.telegram.org
connectionpool.py[LINE:400]# DEBUG    [2016-12-02 22:40:14,649]  https://api.telegram.org:443 "POST /bot195629794:AAE_sDnGaDmdcVozkKMSn9G88ckR413Rheg/sendPhoto?chat_id=288164914 HTTP/1.1" 200 791
connectionpool.py[LINE:809]# DEBUG    [2016-12-02 22:40:14,649]  Starting new HTTPS connection (1): api.telegram.org
connectionpool.py[LINE:400]# DEBUG    [2016-12-02 22:40:15,540]  https://api.telegram.org:443 "POST /bot195629794:AAE_sDnGaDmdcVozkKMSn9G88ckR413Rheg/sendPhoto?chat_id=288164914 HTTP/1.1" 200 786
connectionpool.py[LINE:809]# DEBUG    [2016-12-02 22:40:15,551]  Starting new HTTPS connection (1): api.telegram.org
connectionpool.py[LINE:400]# DEBUG    [2016-12-02 22:40:17,134]  https://api.telegram.org:443 "POST /bot195629794:AAE_sDnGaDmdcVozkKMSn9G88ckR413Rheg/sendPhoto?chat_id=288164914 HTTP/1.1" 200 792
connectionpool.py[LINE:809]# DEBUG    [2016-12-02 22:40:17,150]  Starting new HTTPS connection (1): api.telegram.org
connectionpool.py[LINE:400]# DEBUG    [2016-12-02 22:40:18,204]  https://api.telegram.org:443 "POST /bot195629794:AAE_sDnGaDmdcVozkKMSn9G88ckR413Rheg/sendPhoto?chat_id=288164914 HTTP/1.1" 200 791
connectionpool.py[LINE:809]# DEBUG    [2016-12-02 22:40:18,220]  Starting new HTTPS connection (1): api.telegram.org
connectionpool.py[LINE:400]# DEBUG    [2016-12-02 22:40:19,157]  https://api.telegram.org:443 "POST /bot195629794:AAE_sDnGaDmdcVozkKMSn9G88ckR413Rheg/sendPhoto?chat_id=288164914 HTTP/1.1" 200 791
connectionpool.py[LINE:809]# DEBUG    [2016-12-02 22:40:19,157]  Starting new HTTPS connection (1): api.telegram.org
connectionpool.py[LINE:400]# DEBUG    [2016-12-02 22:40:20,181]  https://api.telegram.org:443 "GET /bot195629794:AAE_sDnGaDmdcVozkKMSn9G88ckR413Rheg/getUpdates?offset=915039553&timeout=20 HTTP/1.1" 200 23
connectionpool.py[LINE:809]# DEBUG    [2016-12-02 22:40:20,181]  Starting new HTTPS connection (1): api.telegram.org
connectionpool.py[LINE:400]# DEBUG    [2016-12-02 22:40:20,275]  https://api.telegram.org:443 "POST /bot195629794:AAE_sDnGaDmdcVozkKMSn9G88ckR413Rheg/sendPhoto?chat_id=288164914 HTTP/1.1" 200 791
connectionpool.py[LINE:809]# DEBUG    [2016-12-02 22:40:20,290]  Starting new HTTPS connection (1): api.telegram.org
connectionpool.py[LINE:400]# DEBUG    [2016-12-02 22:40:21,212]  https://api.telegram.org:443 "POST /bot195629794:AAE_sDnGaDmdcVozkKMSn9G88ckR413Rheg/sendPhoto?chat_id=288164914 HTTP/1.1" 200 791
connectionpool.py[LINE:809]# DEBUG    [2016-12-02 22:40:21,212]  Starting new HTTPS connection (1): api.telegram.org
connectionpool.py[LINE:400]# DEBUG    [2016-12-02 22:40:22,028]  https://api.telegram.org:443 "POST /bot195629794:AAE_sDnGaDmdcVozkKMSn9G88ckR413Rheg/sendPhoto?chat_id=288164914 HTTP/1.1" 200 791
connectionpool.py[LINE:809]# DEBUG    [2016-12-02 22:40:22,040]  Starting new HTTPS connection (1): api.telegram.org
connectionpool.py[LINE:400]# DEBUG    [2016-12-02 22:40:23,172]  https://api.telegram.org:443 "POST /bot195629794:AAE_sDnGaDmdcVozkKMSn9G88ckR413Rheg/sendPhoto?chat_id=288164914 HTTP/1.1" 200 792
connectionpool.py[LINE:809]# DEBUG    [2016-12-02 22:40:23,173]  Starting new HTTPS connection (1): api.telegram.org
connectionpool.py[LINE:400]# DEBUG    [2016-12-02 22:40:23,486]  https://api.telegram.org:443 "POST /bot195629794:AAE_sDnGaDmdcVozkKMSn9G88ckR413Rheg/sendMessage?chat_id=288164914&text=%D0%9F%D0%BE%D0%B8%D1%81%D0%BA+%D0%B7%D0%B0%D0%B2%D0%B5%D1%80%D1%88%D1%91%D0%BD.&reply_markup=%7B%22keyboard%22%3A+%5B%5B%7B%22text%22%3A+%22%2Fhelp%22%7D%2C+%7B%22text%22%3A+%22%2Fabout%22%7D%5D%2C+%5B%7B%22text%22%3A+%22%2Fsize%22%7D%2C+%7B%22text%22%3A+%22%2Fnumber%22%7D%5D%2C+%5B%7B%22text%22%3A+%22%2Fsettings%22%7D%5D%5D%7D HTTP/1.1" 200 299
connectionpool.py[LINE:400]# DEBUG    [2016-12-02 22:40:40,471]  https://api.telegram.org:443 "GET /bot195629794:AAE_sDnGaDmdcVozkKMSn9G88ckR413Rheg/getUpdates?offset=915039553&timeout=20 HTTP/1.1" 200 23
connectionpool.py[LINE:809]# DEBUG    [2016-12-02 22:40:40,471]  Starting new HTTPS connection (1): api.telegram.org
connectionpool.py[LINE:400]# DEBUG    [2016-12-02 22:40:45,783]  https://api.telegram.org:443 "GET /bot195629794:AAE_sDnGaDmdcVozkKMSn9G88ckR413Rheg/getUpdates?offset=915039553&timeout=20 HTTP/1.1" 200 289
connectionpool.py[LINE:809]# DEBUG    [2016-12-02 22:40:45,799]  Starting new HTTPS connection (1): api.telegram.org
connectionpool.py[LINE:809]# DEBUG    [2016-12-02 22:40:45,799]  Starting new HTTPS connection (1): api.telegram.org
connectionpool.py[LINE:400]# DEBUG    [2016-12-02 22:40:46,104]  https://api.telegram.org:443 "POST /bot195629794:AAE_sDnGaDmdcVozkKMSn9G88ckR413Rheg/sendMessage?chat_id=288164914&text=%D0%9E%D0%B6%D0%B8%D0%B4%D0%B0%D0%B9%D1%82%D0%B5%2C+%D0%B8%D0%B4%D1%91%D1%82+%D0%BF%D0%BE%D0%B8%D1%81%D0%BA+%D0%B8%D0%B7%D0%BE%D0%B1%D1%80%D0%B0%D0%B6%D0%B5%D0%BD%D0%B8%D0%B9... HTTP/1.1" 200 394
connectionpool.py[LINE:809]# DEBUG    [2016-12-02 22:40:46,104]  Starting new HTTPS connection (1): www.google.ru
connectionpool.py[LINE:400]# DEBUG    [2016-12-02 22:40:46,354]  https://www.google.ru:443 "GET /search?q=%D0%A0%D0%BE%D1%81%D1%81%D0%B8%D1%8F&newwindow=1&source=lnms&tbm=isch&tbs=isz:ex,iszw:1920,iszh:1080 HTTP/1.1" 200 None
connectionpool.py[LINE:212]# DEBUG    [2016-12-02 22:40:47,080]  Starting new HTTP connection (1): www.aviabilet.ru
connectionpool.py[LINE:400]# DEBUG    [2016-12-02 22:40:47,315]  http://www.aviabilet.ru:80 "GET /uploads/default/posts/2248/a14415dcc175771a2bff797ba86bb9b2dc4cbc27.jpeg HTTP/1.1" 200 509716
connectionpool.py[LINE:212]# DEBUG    [2016-12-02 22:40:47,768]  Starting new HTTP connection (1): oboi-colibri.ru
connectionpool.py[LINE:400]# DEBUG    [2016-12-02 22:40:48,096]  http://oboi-colibri.ru:80 "GET /wp-content/uploads/2013/12/gerb-russia.jpg HTTP/1.1" 200 977960
connectionpool.py[LINE:212]# DEBUG    [2016-12-02 22:40:49,041]  Starting new HTTP connection (1): www.zastavki.com
connectionpool.py[LINE:400]# DEBUG    [2016-12-02 22:40:49,245]  http://www.zastavki.com:80 "GET /pictures/originals/2015/World___Russia_Chistopole_village__Novosibirsk_Region_096642_.jpg HTTP/1.1" 200 487023
connectionpool.py[LINE:212]# DEBUG    [2016-12-02 22:40:50,004]  Starting new HTTP connection (1): www.zastavki.com
connectionpool.py[LINE:400]# DEBUG    [2016-12-02 22:40:50,144]  http://www.zastavki.com:80 "GET /pictures/originals/2013/World___Russia_Huge_Moscow_048351_.jpg HTTP/1.1" 200 1223429
connectionpool.py[LINE:212]# DEBUG    [2016-12-02 22:40:51,754]  Starting new HTTP connection (1): www.zastavki.com
connectionpool.py[LINE:400]# DEBUG    [2016-12-02 22:40:51,902]  http://www.zastavki.com:80 "GET /pictures/originals/2015/World___Russia_Church_of_the_Intercession_on_the_Nerl_096644_.jpg HTTP/1.1" 200 496963
connectionpool.py[LINE:809]# DEBUG    [2016-12-02 22:40:54,312]  Starting new HTTPS connection (1): i.ytimg.com
connectionpool.py[LINE:400]# DEBUG    [2016-12-02 22:40:54,527]  https://i.ytimg.com:443 "GET /vi/JLesB4EQQrI/maxresdefault.jpg HTTP/1.1" 200 165015
connectionpool.py[LINE:212]# DEBUG    [2016-12-02 22:40:54,842]  Starting new HTTP connection (1): uchulive.org
connectionpool.py[LINE:400]# DEBUG    [2016-12-02 22:40:56,052]  http://uchulive.org:80 "GET /wp-content/uploads/2015/03/%D0%B2%D0%BE%D0%B9%D0%BD%D1%8B-%D0%A0%D0%BE%D1%81%D1%81%D0%B8%D1%8F-%D0%A0%D1%83%D1%81%D1%81%D0%BA%D0%B8%D0%B5-%D0%B4%D1%80%D1%83%D0%B6%D0%B8%D0%BD%D0%BD%D0%B8%D0%BA%D0%B8-602019.jpeg HTTP/1.1" 200 700802
connectionpool.py[LINE:212]# DEBUG    [2016-12-02 22:40:57,170]  Starting new HTTP connection (1): stranyplanety.ru
connectionpool.py[LINE:400]# DEBUG    [2016-12-02 22:41:02,669]  http://stranyplanety.ru:80 "GET /wp-content/uploads/2016/04/Puteshestvie-po-Rossii.-CHto-nuzhno-znat-o-takom-otdyhe.jpg HTTP/1.1" 200 522242
connectionpool.py[LINE:809]# DEBUG    [2016-12-02 22:41:02,856]  Starting new HTTPS connection (1): i.ytimg.com
connectionpool.py[LINE:400]# DEBUG    [2016-12-02 22:41:03,543]  https://i.ytimg.com:443 "GET /vi/G2XAv0kIa2g/maxresdefault.jpg HTTP/1.1" 200 85785
connectionpool.py[LINE:212]# DEBUG    [2016-12-02 22:41:03,740]  Starting new HTTP connection (1): www.zastavki.com
connectionpool.py[LINE:400]# DEBUG    [2016-12-02 22:41:03,885]  http://www.zastavki.com:80 "GET /pictures/originals/2015/World___Russia_Monastery_in_Solovki_094770_.jpg HTTP/1.1" 200 371385
connectionpool.py[LINE:809]# DEBUG    [2016-12-02 22:41:04,524]  Starting new HTTPS connection (1): api.telegram.org
connectionpool.py[LINE:400]# DEBUG    [2016-12-02 22:41:05,795]  https://api.telegram.org:443 "POST /bot195629794:AAE_sDnGaDmdcVozkKMSn9G88ckR413Rheg/sendPhoto?chat_id=288164914 HTTP/1.1" 200 794
connectionpool.py[LINE:809]# DEBUG    [2016-12-02 22:41:05,807]  Starting new HTTPS connection (1): api.telegram.org
connectionpool.py[LINE:400]# DEBUG    [2016-12-02 22:41:06,159]  https://api.telegram.org:443 "GET /bot195629794:AAE_sDnGaDmdcVozkKMSn9G88ckR413Rheg/getUpdates?offset=915039554&timeout=20 HTTP/1.1" 200 23
connectionpool.py[LINE:809]# DEBUG    [2016-12-02 22:41:06,173]  Starting new HTTPS connection (1): api.telegram.org
connectionpool.py[LINE:400]# DEBUG    [2016-12-02 22:41:07,456]  https://api.telegram.org:443 "POST /bot195629794:AAE_sDnGaDmdcVozkKMSn9G88ckR413Rheg/sendPhoto?chat_id=288164914 HTTP/1.1" 200 792
connectionpool.py[LINE:809]# DEBUG    [2016-12-02 22:41:07,472]  Starting new HTTPS connection (1): api.telegram.org
connectionpool.py[LINE:400]# DEBUG    [2016-12-02 22:41:09,092]  https://api.telegram.org:443 "POST /bot195629794:AAE_sDnGaDmdcVozkKMSn9G88ckR413Rheg/sendPhoto?chat_id=288164914 HTTP/1.1" 200 792
connectionpool.py[LINE:809]# DEBUG    [2016-12-02 22:41:09,092]  Starting new HTTPS connection (1): api.telegram.org
connectionpool.py[LINE:400]# DEBUG    [2016-12-02 22:41:10,349]  https://api.telegram.org:443 "POST /bot195629794:AAE_sDnGaDmdcVozkKMSn9G88ckR413Rheg/sendPhoto?chat_id=288164914 HTTP/1.1" 200 792
connectionpool.py[LINE:809]# DEBUG    [2016-12-02 22:41:10,360]  Starting new HTTPS connection (1): api.telegram.org
connectionpool.py[LINE:400]# DEBUG    [2016-12-02 22:41:11,577]  https://api.telegram.org:443 "POST /bot195629794:AAE_sDnGaDmdcVozkKMSn9G88ckR413Rheg/sendPhoto?chat_id=288164914 HTTP/1.1" 200 792
connectionpool.py[LINE:809]# DEBUG    [2016-12-02 22:41:11,594]  Starting new HTTPS connection (1): api.telegram.org
connectionpool.py[LINE:400]# DEBUG    [2016-12-02 22:41:12,495]  https://api.telegram.org:443 "POST /bot195629794:AAE_sDnGaDmdcVozkKMSn9G88ckR413Rheg/sendPhoto?chat_id=288164914 HTTP/1.1" 200 790
connectionpool.py[LINE:809]# DEBUG    [2016-12-02 22:41:12,511]  Starting new HTTPS connection (1): api.telegram.org
connectionpool.py[LINE:400]# DEBUG    [2016-12-02 22:41:13,667]  https://api.telegram.org:443 "POST /bot195629794:AAE_sDnGaDmdcVozkKMSn9G88ckR413Rheg/sendPhoto?chat_id=288164914 HTTP/1.1" 200 792
connectionpool.py[LINE:809]# DEBUG    [2016-12-02 22:41:13,683]  Starting new HTTPS connection (1): api.telegram.org
connectionpool.py[LINE:400]# DEBUG    [2016-12-02 22:41:15,691]  https://api.telegram.org:443 "POST /bot195629794:AAE_sDnGaDmdcVozkKMSn9G88ckR413Rheg/sendPhoto?chat_id=288164914 HTTP/1.1" 200 792
connectionpool.py[LINE:809]# DEBUG    [2016-12-02 22:41:15,691]  Starting new HTTPS connection (1): api.telegram.org
connectionpool.py[LINE:400]# DEBUG    [2016-12-02 22:41:16,597]  https://api.telegram.org:443 "POST /bot195629794:AAE_sDnGaDmdcVozkKMSn9G88ckR413Rheg/sendPhoto?chat_id=288164914 HTTP/1.1" 200 798
connectionpool.py[LINE:809]# DEBUG    [2016-12-02 22:41:16,597]  Starting new HTTPS connection (1): api.telegram.org
connectionpool.py[LINE:400]# DEBUG    [2016-12-02 22:41:17,739]  https://api.telegram.org:443 "POST /bot195629794:AAE_sDnGaDmdcVozkKMSn9G88ckR413Rheg/sendPhoto?chat_id=288164914 HTTP/1.1" 200 791
connectionpool.py[LINE:809]# DEBUG    [2016-12-02 22:41:17,747]  Starting new HTTPS connection (1): api.telegram.org
connectionpool.py[LINE:400]# DEBUG    [2016-12-02 22:41:18,059]  https://api.telegram.org:443 "POST /bot195629794:AAE_sDnGaDmdcVozkKMSn9G88ckR413Rheg/sendMessage?chat_id=288164914&text=%D0%9F%D0%BE%D0%B8%D1%81%D0%BA+%D0%B7%D0%B0%D0%B2%D0%B5%D1%80%D1%88%D1%91%D0%BD.&reply_markup=%7B%22keyboard%22%3A+%5B%5B%7B%22text%22%3A+%22%2Fhelp%22%7D%2C+%7B%22text%22%3A+%22%2Fabout%22%7D%5D%2C+%5B%7B%22text%22%3A+%22%2Fsize%22%7D%2C+%7B%22text%22%3A+%22%2Fnumber%22%7D%5D%2C+%5B%7B%22text%22%3A+%22%2Fsettings%22%7D%5D%5D%7D HTTP/1.1" 200 299
connectionpool.py[LINE:400]# DEBUG    [2016-12-02 22:41:26,465]  https://api.telegram.org:443 "GET /bot195629794:AAE_sDnGaDmdcVozkKMSn9G88ckR413Rheg/getUpdates?offset=915039554&timeout=20 HTTP/1.1" 200 23
connectionpool.py[LINE:809]# DEBUG    [2016-12-02 22:41:26,480]  Starting new HTTPS connection (1): api.telegram.org
connectionpool.py[LINE:400]# DEBUG    [2016-12-02 22:41:47,299]  https://api.telegram.org:443 "GET /bot195629794:AAE_sDnGaDmdcVozkKMSn9G88ckR413Rheg/getUpdates?offset=915039554&timeout=20 HTTP/1.1" 200 23
connectionpool.py[LINE:809]# DEBUG    [2016-12-02 22:41:47,312]  Starting new HTTPS connection (1): api.telegram.org
connectionpool.py[LINE:400]# DEBUG    [2016-12-02 22:42:07,607]  https://api.telegram.org:443 "GET /bot195629794:AAE_sDnGaDmdcVozkKMSn9G88ckR413Rheg/getUpdates?offset=915039554&timeout=20 HTTP/1.1" 200 23
connectionpool.py[LINE:809]# DEBUG    [2016-12-02 22:42:07,607]  Starting new HTTPS connection (1): api.telegram.org
connectionpool.py[LINE:400]# DEBUG    [2016-12-02 22:42:27,897]  https://api.telegram.org:443 "GET /bot195629794:AAE_sDnGaDmdcVozkKMSn9G88ckR413Rheg/getUpdates?offset=915039554&timeout=20 HTTP/1.1" 200 23
connectionpool.py[LINE:809]# DEBUG    [2016-12-02 22:42:27,905]  Starting new HTTPS connection (1): api.telegram.org
connectionpool.py[LINE:400]# DEBUG    [2016-12-02 22:42:48,196]  https://api.telegram.org:443 "GET /bot195629794:AAE_sDnGaDmdcVozkKMSn9G88ckR413Rheg/getUpdates?offset=915039554&timeout=20 HTTP/1.1" 200 23
connectionpool.py[LINE:809]# DEBUG    [2016-12-02 22:42:48,208]  Starting new HTTPS connection (1): api.telegram.org
connectionpool.py[LINE:400]# DEBUG    [2016-12-02 22:43:08,500]  https://api.telegram.org:443 "GET /bot195629794:AAE_sDnGaDmdcVozkKMSn9G88ckR413Rheg/getUpdates?offset=915039554&timeout=20 HTTP/1.1" 200 23
connectionpool.py[LINE:809]# DEBUG    [2016-12-02 22:43:08,516]  Starting new HTTPS connection (1): api.telegram.org
connectionpool.py[LINE:400]# DEBUG    [2016-12-02 22:43:28,790]  https://api.telegram.org:443 "GET /bot195629794:AAE_sDnGaDmdcVozkKMSn9G88ckR413Rheg/getUpdates?offset=915039554&timeout=20 HTTP/1.1" 200 23
connectionpool.py[LINE:809]# DEBUG    [2016-12-02 22:43:28,805]  Starting new HTTPS connection (1): api.telegram.org
connectionpool.py[LINE:400]# DEBUG    [2016-12-02 22:43:49,094]  https://api.telegram.org:443 "GET /bot195629794:AAE_sDnGaDmdcVozkKMSn9G88ckR413Rheg/getUpdates?offset=915039554&timeout=20 HTTP/1.1" 200 23
connectionpool.py[LINE:809]# DEBUG    [2016-12-02 22:43:49,105]  Starting new HTTPS connection (1): api.telegram.org
connectionpool.py[LINE:400]# DEBUG    [2016-12-02 22:44:09,409]  https://api.telegram.org:443 "GET /bot195629794:AAE_sDnGaDmdcVozkKMSn9G88ckR413Rheg/getUpdates?offset=915039554&timeout=20 HTTP/1.1" 200 23
connectionpool.py[LINE:809]# DEBUG    [2016-12-02 22:44:09,409]  Starting new HTTPS connection (1): api.telegram.org
connectionpool.py[LINE:400]# DEBUG    [2016-12-02 22:44:29,706]  https://api.telegram.org:443 "GET /bot195629794:AAE_sDnGaDmdcVozkKMSn9G88ckR413Rheg/getUpdates?offset=915039554&timeout=20 HTTP/1.1" 200 23
connectionpool.py[LINE:809]# DEBUG    [2016-12-02 22:44:29,722]  Starting new HTTPS connection (1): api.telegram.org
connectionpool.py[LINE:400]# DEBUG    [2016-12-02 22:44:50,012]  https://api.telegram.org:443 "GET /bot195629794:AAE_sDnGaDmdcVozkKMSn9G88ckR413Rheg/getUpdates?offset=915039554&timeout=20 HTTP/1.1" 200 23
connectionpool.py[LINE:809]# DEBUG    [2016-12-02 22:44:50,012]  Starting new HTTPS connection (1): api.telegram.org
connectionpool.py[LINE:400]# DEBUG    [2016-12-02 22:45:10,327]  https://api.telegram.org:443 "GET /bot195629794:AAE_sDnGaDmdcVozkKMSn9G88ckR413Rheg/getUpdates?offset=915039554&timeout=20 HTTP/1.1" 200 23
connectionpool.py[LINE:809]# DEBUG    [2016-12-02 22:45:10,336]  Starting new HTTPS connection (1): api.telegram.org
connectionpool.py[LINE:400]# DEBUG    [2016-12-02 22:45:30,630]  https://api.telegram.org:443 "GET /bot195629794:AAE_sDnGaDmdcVozkKMSn9G88ckR413Rheg/getUpdates?offset=915039554&timeout=20 HTTP/1.1" 200 23
connectionpool.py[LINE:809]# DEBUG    [2016-12-02 22:45:30,638]  Starting new HTTPS connection (1): api.telegram.org
connectionpool.py[LINE:400]# DEBUG    [2016-12-02 22:45:50,939]  https://api.telegram.org:443 "GET /bot195629794:AAE_sDnGaDmdcVozkKMSn9G88ckR413Rheg/getUpdates?offset=915039554&timeout=20 HTTP/1.1" 200 23
connectionpool.py[LINE:809]# DEBUG    [2016-12-02 22:45:50,956]  Starting new HTTPS connection (1): api.telegram.org
connectionpool.py[LINE:400]# DEBUG    [2016-12-02 22:46:11,255]  https://api.telegram.org:443 "GET /bot195629794:AAE_sDnGaDmdcVozkKMSn9G88ckR413Rheg/getUpdates?offset=915039554&timeout=20 HTTP/1.1" 200 23
connectionpool.py[LINE:809]# DEBUG    [2016-12-02 22:46:11,309]  Starting new HTTPS connection (1): api.telegram.org
connectionpool.py[LINE:400]# DEBUG    [2016-12-02 22:46:38,169]  https://api.telegram.org:443 "GET /bot195629794:AAE_sDnGaDmdcVozkKMSn9G88ckR413Rheg/getUpdates?offset=915039554&timeout=20 HTTP/1.1" 200 23
connectionpool.py[LINE:809]# DEBUG    [2016-12-02 22:46:38,179]  Starting new HTTPS connection (1): api.telegram.org
connectionpool.py[LINE:400]# DEBUG    [2016-12-02 22:47:01,103]  https://api.telegram.org:443 "GET /bot195629794:AAE_sDnGaDmdcVozkKMSn9G88ckR413Rheg/getUpdates?offset=915039554&timeout=20 HTTP/1.1" 200 23
connectionpool.py[LINE:809]# DEBUG    [2016-12-02 22:47:01,167]  Starting new HTTPS connection (1): api.telegram.org
connectionpool.py[LINE:400]# DEBUG    [2016-12-02 22:47:21,465]  https://api.telegram.org:443 "GET /bot195629794:AAE_sDnGaDmdcVozkKMSn9G88ckR413Rheg/getUpdates?offset=915039554&timeout=20 HTTP/1.1" 200 23
connectionpool.py[LINE:809]# DEBUG    [2016-12-02 22:47:21,475]  Starting new HTTPS connection (1): api.telegram.org
connectionpool.py[LINE:400]# DEBUG    [2016-12-02 22:47:41,779]  https://api.telegram.org:443 "GET /bot195629794:AAE_sDnGaDmdcVozkKMSn9G88ckR413Rheg/getUpdates?offset=915039554&timeout=20 HTTP/1.1" 200 23
connectionpool.py[LINE:809]# DEBUG    [2016-12-02 22:47:41,789]  Starting new HTTPS connection (1): api.telegram.org
connectionpool.py[LINE:400]# DEBUG    [2016-12-02 22:48:02,101]  https://api.telegram.org:443 "GET /bot195629794:AAE_sDnGaDmdcVozkKMSn9G88ckR413Rheg/getUpdates?offset=915039554&timeout=20 HTTP/1.1" 200 23
connectionpool.py[LINE:809]# DEBUG    [2016-12-02 22:48:02,110]  Starting new HTTPS connection (1): api.telegram.org
connectionpool.py[LINE:400]# DEBUG    [2016-12-02 22:48:22,399]  https://api.telegram.org:443 "GET /bot195629794:AAE_sDnGaDmdcVozkKMSn9G88ckR413Rheg/getUpdates?offset=915039554&timeout=20 HTTP/1.1" 200 23
connectionpool.py[LINE:809]# DEBUG    [2016-12-02 22:48:22,408]  Starting new HTTPS connection (1): api.telegram.org
connectionpool.py[LINE:400]# DEBUG    [2016-12-02 22:48:42,718]  https://api.telegram.org:443 "GET /bot195629794:AAE_sDnGaDmdcVozkKMSn9G88ckR413Rheg/getUpdates?offset=915039554&timeout=20 HTTP/1.1" 200 23
connectionpool.py[LINE:809]# DEBUG    [2016-12-02 22:48:42,734]  Starting new HTTPS connection (1): api.telegram.org
connectionpool.py[LINE:400]# DEBUG    [2016-12-02 22:49:03,055]  https://api.telegram.org:443 "GET /bot195629794:AAE_sDnGaDmdcVozkKMSn9G88ckR413Rheg/getUpdates?offset=915039554&timeout=20 HTTP/1.1" 200 23
connectionpool.py[LINE:809]# DEBUG    [2016-12-02 22:49:03,067]  Starting new HTTPS connection (1): api.telegram.org
connectionpool.py[LINE:400]# DEBUG    [2016-12-02 22:49:23,376]  https://api.telegram.org:443 "GET /bot195629794:AAE_sDnGaDmdcVozkKMSn9G88ckR413Rheg/getUpdates?offset=915039554&timeout=20 HTTP/1.1" 200 23
connectionpool.py[LINE:809]# DEBUG    [2016-12-02 22:49:23,388]  Starting new HTTPS connection (1): api.telegram.org
TelegramBotImageSearch.py[LINE:78]# INFO     [2016-12-02 22:49:46,499]  Start the bot.
connectionpool.py[LINE:809]# DEBUG    [2016-12-02 22:49:46,583]  Starting new HTTPS connection (1): api.telegram.org
connectionpool.py[LINE:400]# DEBUG    [2016-12-02 22:50:07,651]  https://api.telegram.org:443 "GET /bot319511914:AAFihwt_avZKs150Qso801Pw-wVv62KIC9M/getUpdates?offset=1&timeout=20 HTTP/1.1" 200 23
connectionpool.py[LINE:809]# DEBUG    [2016-12-02 22:50:08,337]  Starting new HTTPS connection (1): api.telegram.org
connectionpool.py[LINE:400]# DEBUG    [2016-12-02 22:50:28,636]  https://api.telegram.org:443 "GET /bot319511914:AAFihwt_avZKs150Qso801Pw-wVv62KIC9M/getUpdates?offset=1&timeout=20 HTTP/1.1" 200 23
connectionpool.py[LINE:809]# DEBUG    [2016-12-02 22:50:28,648]  Starting new HTTPS connection (1): api.telegram.org
connectionpool.py[LINE:400]# DEBUG    [2016-12-02 22:50:48,937]  https://api.telegram.org:443 "GET /bot319511914:AAFihwt_avZKs150Qso801Pw-wVv62KIC9M/getUpdates?offset=1&timeout=20 HTTP/1.1" 200 23
connectionpool.py[LINE:809]# DEBUG    [2016-12-02 22:50:48,946]  Starting new HTTPS connection (1): api.telegram.org
connectionpool.py[LINE:400]# DEBUG    [2016-12-02 22:51:09,246]  https://api.telegram.org:443 "GET /bot319511914:AAFihwt_avZKs150Qso801Pw-wVv62KIC9M/getUpdates?offset=1&timeout=20 HTTP/1.1" 200 23
connectionpool.py[LINE:809]# DEBUG    [2016-12-02 22:51:09,262]  Starting new HTTPS connection (1): api.telegram.org
TelegramBotImageSearch.py[LINE:78]# INFO     [2016-12-02 22:51:18,977]  Start the bot.
connectionpool.py[LINE:809]# DEBUG    [2016-12-02 22:51:18,998]  Starting new HTTPS connection (1): api.telegram.org
connectionpool.py[LINE:400]# DEBUG    [2016-12-02 22:51:20,176]  https://api.telegram.org:443 "GET /bot195629794:AAE_sDnGaDmdcVozkKMSn9G88ckR413Rheg/getUpdates?timeout=20&offset=1 HTTP/1.1" 200 615
connectionpool.py[LINE:809]# DEBUG    [2016-12-02 22:51:20,599]  Starting new HTTPS connection (1): api.telegram.org
connectionpool.py[LINE:809]# DEBUG    [2016-12-02 22:51:20,606]  Starting new HTTPS connection (1): api.telegram.org
connectionpool.py[LINE:809]# DEBUG    [2016-12-02 22:51:20,619]  Starting new HTTPS connection (1): api.telegram.org
connectionpool.py[LINE:400]# DEBUG    [2016-12-02 22:51:20,918]  https://api.telegram.org:443 "POST /bot195629794:AAE_sDnGaDmdcVozkKMSn9G88ckR413Rheg/sendMessage?chat_id=288164914&text=%D0%9F%D1%80%D0%B8%D0%B2%D0%B5%D1%82%21+%D1%8F+%D1%82%D0%B2%D0%BE%D0%B9+%D0%B1%D0%BE%D1%82.+%D0%92%D0%B2%D0%B5%D0%B4%D0%B8+%D0%B7%D0%B0%D0%BF%D1%80%D0%BE%D1%81+%D0%B4%D0%BB%D1%8F+%D0%BF%D0%BE%D0%B8%D1%81%D0%BA%D0%B0+%D0%B8%D0%B7%D0%BE%D0%B1%D1%80%D0%B0%D0%B6%D0%B5%D0%BD%D0%B8%D1%8F%3A HTTP/1.1" 200 500
connectionpool.py[LINE:400]# DEBUG    [2016-12-02 22:51:20,940]  https://api.telegram.org:443 "POST /bot195629794:AAE_sDnGaDmdcVozkKMSn9G88ckR413Rheg/sendMessage?chat_id=288164914&text=%D0%9E%D0%B6%D0%B8%D0%B4%D0%B0%D0%B9%D1%82%D0%B5%2C+%D0%BC%D1%8B+%D0%B8%D1%89%D0%B5%D0%BC+%D0%B4%D0%BB%D1%8F+%D0%92%D0%B0%D1%81+%D0%BA%D0%B0%D1%80%D1%82%D0%B8%D0%BD%D0%BE%D1%87%D0%BA%D0%B8%21 HTTP/1.1" 200 406
connectionpool.py[LINE:809]# DEBUG    [2016-12-02 22:51:20,951]  Starting new HTTPS connection (1): www.google.ru
connectionpool.py[LINE:400]# DEBUG    [2016-12-02 22:51:21,317]  https://www.google.ru:443 "GET /search?q=/settings&newwindow=1&source=lnms&tbm=isch HTTP/1.1" 200 None
connectionpool.py[LINE:809]# DEBUG    [2016-12-02 22:51:21,847]  Starting new HTTPS connection (1): encrypted-tbn1.gstatic.com
connectionpool.py[LINE:400]# DEBUG    [2016-12-02 22:51:22,458]  https://encrypted-tbn1.gstatic.com:443 "GET /images?q=tbn:ANd9GcQXrfICgS1eC_lBKHK2fVUkPdBbXKKJDBS3lQm51dSUvU4KQ-th HTTP/1.1" 200 4005
connectionpool.py[LINE:809]# DEBUG    [2016-12-02 22:51:25,394]  Starting new HTTPS connection (1): encrypted-tbn0.gstatic.com
connectionpool.py[LINE:400]# DEBUG    [2016-12-02 22:51:26,350]  https://encrypted-tbn0.gstatic.com:443 "GET /images?q=tbn:ANd9GcQa3lgO358eldFiMwyUKW7HHI32SYLthYscoVs3bvfbIJRpUzMy HTTP/1.1" 200 4172
PngImagePlugin.py[LINE:135]# DEBUG    [2016-12-02 22:51:26,374]  STREAM b'IHDR' 16 13
PngImagePlugin.py[LINE:135]# DEBUG    [2016-12-02 22:51:26,377]  STREAM b'PLTE' 41 147
PngImagePlugin.py[LINE:135]# DEBUG    [2016-12-02 22:51:26,378]  STREAM b'IDAT' 200 3956
connectionpool.py[LINE:809]# DEBUG    [2016-12-02 22:51:26,438]  Starting new HTTPS connection (1): encrypted-tbn3.gstatic.com
connectionpool.py[LINE:400]# DEBUG    [2016-12-02 22:51:26,749]  https://encrypted-tbn3.gstatic.com:443 "GET /images?q=tbn:ANd9GcS2NNMeeDVCuSmR_3jc6Cito3einm1526taA_wCW3mBUsEpVSra HTTP/1.1" 200 2738
PngImagePlugin.py[LINE:135]# DEBUG    [2016-12-02 22:51:26,753]  STREAM b'IHDR' 16 13
PngImagePlugin.py[LINE:135]# DEBUG    [2016-12-02 22:51:26,754]  STREAM b'PLTE' 41 120
PngImagePlugin.py[LINE:135]# DEBUG    [2016-12-02 22:51:26,754]  STREAM b'IDAT' 173 2549
connectionpool.py[LINE:809]# DEBUG    [2016-12-02 22:51:26,762]  Starting new HTTPS connection (1): encrypted-tbn0.gstatic.com
connectionpool.py[LINE:400]# DEBUG    [2016-12-02 22:51:26,939]  https://encrypted-tbn0.gstatic.com:443 "GET /images?q=tbn:ANd9GcSRw5Fr21xZwO3Vsv2sZZpLKV9keKv4jH0Z8uhh1UuAKPlXpViqew HTTP/1.1" 200 4685
connectionpool.py[LINE:809]# DEBUG    [2016-12-02 22:51:26,952]  Starting new HTTPS connection (1): encrypted-tbn0.gstatic.com
connectionpool.py[LINE:400]# DEBUG    [2016-12-02 22:51:27,128]  https://encrypted-tbn0.gstatic.com:443 "GET /images?q=tbn:ANd9GcSyhrUveaGxn7ym-8ssAeLpAWWeVYQDp6GnETZybsgXSu9tTTZy1g HTTP/1.1" 200 3893
PngImagePlugin.py[LINE:135]# DEBUG    [2016-12-02 22:51:27,132]  STREAM b'IHDR' 16 13
PngImagePlugin.py[LINE:135]# DEBUG    [2016-12-02 22:51:27,133]  STREAM b'PLTE' 41 138
PngImagePlugin.py[LINE:135]# DEBUG    [2016-12-02 22:51:27,133]  STREAM b'IDAT' 191 3686
connectionpool.py[LINE:809]# DEBUG    [2016-12-02 22:51:27,140]  Starting new HTTPS connection (1): encrypted-tbn0.gstatic.com
connectionpool.py[LINE:400]# DEBUG    [2016-12-02 22:51:27,315]  https://encrypted-tbn0.gstatic.com:443 "GET /images?q=tbn:ANd9GcToT4--51bJ9E8LJVUA6XJwczOSDHkqxZs749pUpENNEbwUoeMraw HTTP/1.1" 200 1147
PngImagePlugin.py[LINE:135]# DEBUG    [2016-12-02 22:51:27,320]  STREAM b'IHDR' 16 13
PngImagePlugin.py[LINE:135]# DEBUG    [2016-12-02 22:51:27,320]  STREAM b'PLTE' 41 120
PngImagePlugin.py[LINE:135]# DEBUG    [2016-12-02 22:51:27,320]  STREAM b'IDAT' 173 958
connectionpool.py[LINE:809]# DEBUG    [2016-12-02 22:51:27,327]  Starting new HTTPS connection (1): encrypted-tbn1.gstatic.com
connectionpool.py[LINE:400]# DEBUG    [2016-12-02 22:51:27,507]  https://encrypted-tbn1.gstatic.com:443 "GET /images?q=tbn:ANd9GcSD5MUm6Y2b0u3Oga0LquvDy6Tqnah1Gd9M8tGmuz4iW6FrxTMA HTTP/1.1" 200 2127
connectionpool.py[LINE:809]# DEBUG    [2016-12-02 22:51:27,563]  Starting new HTTPS connection (1): encrypted-tbn0.gstatic.com
connectionpool.py[LINE:400]# DEBUG    [2016-12-02 22:51:27,738]  https://encrypted-tbn0.gstatic.com:443 "GET /images?q=tbn:ANd9GcRmYtLie7-wE5jqjWSMW9gMtOGuEYRSgTtMSxXi_b7nmpkwKyB2 HTTP/1.1" 200 3920
connectionpool.py[LINE:809]# DEBUG    [2016-12-02 22:51:27,758]  Starting new HTTPS connection (1): encrypted-tbn1.gstatic.com
connectionpool.py[LINE:400]# DEBUG    [2016-12-02 22:51:27,969]  https://encrypted-tbn1.gstatic.com:443 "GET /images?q=tbn:ANd9GcQbdnmBbo3RrVCJoXgV58MnjxMjBz_H7vFxnw1kv0XbFiEQ4r-4lw HTTP/1.1" 200 4100
connectionpool.py[LINE:809]# DEBUG    [2016-12-02 22:51:27,989]  Starting new HTTPS connection (1): encrypted-tbn2.gstatic.com
connectionpool.py[LINE:400]# DEBUG    [2016-12-02 22:51:28,264]  https://encrypted-tbn2.gstatic.com:443 "GET /images?q=tbn:ANd9GcS2F_3zVNCdy8uRraktN-fNrUi2M2u5110cLYp7Q3kNe1FJ9G7X HTTP/1.1" 200 4654
connectionpool.py[LINE:809]# DEBUG    [2016-12-02 22:51:28,279]  Starting new HTTPS connection (1): api.telegram.org
connectionpool.py[LINE:400]# DEBUG    [2016-12-02 22:51:28,606]  https://api.telegram.org:443 "POST /bot195629794:AAE_sDnGaDmdcVozkKMSn9G88ckR413Rheg/sendPhoto?chat_id=288164914 HTTP/1.1" 200 443
connectionpool.py[LINE:809]# DEBUG    [2016-12-02 22:51:28,615]  Starting new HTTPS connection (1): api.telegram.org
connectionpool.py[LINE:400]# DEBUG    [2016-12-02 22:51:28,937]  https://api.telegram.org:443 "POST /bot195629794:AAE_sDnGaDmdcVozkKMSn9G88ckR413Rheg/sendPhoto?chat_id=288164914 HTTP/1.1" 200 445
connectionpool.py[LINE:809]# DEBUG    [2016-12-02 22:51:28,946]  Starting new HTTPS connection (1): api.telegram.org
connectionpool.py[LINE:400]# DEBUG    [2016-12-02 22:51:29,275]  https://api.telegram.org:443 "POST /bot195629794:AAE_sDnGaDmdcVozkKMSn9G88ckR413Rheg/sendPhoto?chat_id=288164914 HTTP/1.1" 200 443
connectionpool.py[LINE:809]# DEBUG    [2016-12-02 22:51:29,284]  Starting new HTTPS connection (1): api.telegram.org
connectionpool.py[LINE:400]# DEBUG    [2016-12-02 22:51:29,676]  https://api.telegram.org:443 "POST /bot195629794:AAE_sDnGaDmdcVozkKMSn9G88ckR413Rheg/sendPhoto?chat_id=288164914 HTTP/1.1" 200 445
connectionpool.py[LINE:809]# DEBUG    [2016-12-02 22:51:29,685]  Starting new HTTPS connection (1): api.telegram.org
connectionpool.py[LINE:400]# DEBUG    [2016-12-02 22:51:30,003]  https://api.telegram.org:443 "POST /bot195629794:AAE_sDnGaDmdcVozkKMSn9G88ckR413Rheg/sendPhoto?chat_id=288164914 HTTP/1.1" 200 443
connectionpool.py[LINE:809]# DEBUG    [2016-12-02 22:51:30,012]  Starting new HTTPS connection (1): api.telegram.org
connectionpool.py[LINE:400]# DEBUG    [2016-12-02 22:51:30,352]  https://api.telegram.org:443 "POST /bot195629794:AAE_sDnGaDmdcVozkKMSn9G88ckR413Rheg/sendPhoto?chat_id=288164914 HTTP/1.1" 200 443
connectionpool.py[LINE:809]# DEBUG    [2016-12-02 22:51:30,361]  Starting new HTTPS connection (1): api.telegram.org
connectionpool.py[LINE:400]# DEBUG    [2016-12-02 22:51:30,724]  https://api.telegram.org:443 "POST /bot195629794:AAE_sDnGaDmdcVozkKMSn9G88ckR413Rheg/sendPhoto?chat_id=288164914 HTTP/1.1" 200 443
connectionpool.py[LINE:809]# DEBUG    [2016-12-02 22:51:30,734]  Starting new HTTPS connection (1): api.telegram.org
connectionpool.py[LINE:400]# DEBUG    [2016-12-02 22:51:31,079]  https://api.telegram.org:443 "POST /bot195629794:AAE_sDnGaDmdcVozkKMSn9G88ckR413Rheg/sendPhoto?chat_id=288164914 HTTP/1.1" 200 443
connectionpool.py[LINE:809]# DEBUG    [2016-12-02 22:51:31,088]  Starting new HTTPS connection (1): api.telegram.org
connectionpool.py[LINE:400]# DEBUG    [2016-12-02 22:51:31,455]  https://api.telegram.org:443 "POST /bot195629794:AAE_sDnGaDmdcVozkKMSn9G88ckR413Rheg/sendPhoto?chat_id=288164914 HTTP/1.1" 200 443
connectionpool.py[LINE:809]# DEBUG    [2016-12-02 22:51:31,464]  Starting new HTTPS connection (1): api.telegram.org
connectionpool.py[LINE:400]# DEBUG    [2016-12-02 22:51:31,854]  https://api.telegram.org:443 "POST /bot195629794:AAE_sDnGaDmdcVozkKMSn9G88ckR413Rheg/sendPhoto?chat_id=288164914 HTTP/1.1" 200 443
connectionpool.py[LINE:400]# DEBUG    [2016-12-02 22:51:40,914]  https://api.telegram.org:443 "GET /bot195629794:AAE_sDnGaDmdcVozkKMSn9G88ckR413Rheg/getUpdates?timeout=20&offset=915039556 HTTP/1.1" 200 23
connectionpool.py[LINE:809]# DEBUG    [2016-12-02 22:51:40,924]  Starting new HTTPS connection (1): api.telegram.org
connectionpool.py[LINE:400]# DEBUG    [2016-12-02 22:51:52,614]  https://api.telegram.org:443 "GET /bot195629794:AAE_sDnGaDmdcVozkKMSn9G88ckR413Rheg/getUpdates?timeout=20&offset=915039556 HTTP/1.1" 200 317
connectionpool.py[LINE:809]# DEBUG    [2016-12-02 22:51:52,625]  Starting new HTTPS connection (1): api.telegram.org
connectionpool.py[LINE:809]# DEBUG    [2016-12-02 22:51:52,628]  Starting new HTTPS connection (1): api.telegram.org
connectionpool.py[LINE:400]# DEBUG    [2016-12-02 22:51:52,955]  https://api.telegram.org:443 "POST /bot195629794:AAE_sDnGaDmdcVozkKMSn9G88ckR413Rheg/sendMessage?chat_id=288164914&text=%D0%9F%D1%80%D0%B8%D0%B2%D0%B5%D1%82%21+%D1%8F+%D1%82%D0%B2%D0%BE%D0%B9+%D0%B1%D0%BE%D1%82.+%D0%92%D0%B2%D0%B5%D0%B4%D0%B8+%D0%B7%D0%B0%D0%BF%D1%80%D0%BE%D1%81+%D0%B4%D0%BB%D1%8F+%D0%BF%D0%BE%D0%B8%D1%81%D0%BA%D0%B0+%D0%B8%D0%B7%D0%BE%D0%B1%D1%80%D0%B0%D0%B6%D0%B5%D0%BD%D0%B8%D1%8F%3A HTTP/1.1" 200 500
connectionpool.py[LINE:400]# DEBUG    [2016-12-02 22:52:10,776]  https://api.telegram.org:443 "GET /bot195629794:AAE_sDnGaDmdcVozkKMSn9G88ckR413Rheg/getUpdates?timeout=20&offset=915039557 HTTP/1.1" 200 289
connectionpool.py[LINE:809]# DEBUG    [2016-12-02 22:52:10,789]  Starting new HTTPS connection (1): api.telegram.org
connectionpool.py[LINE:809]# DEBUG    [2016-12-02 22:52:10,791]  Starting new HTTPS connection (1): api.telegram.org
connectionpool.py[LINE:400]# DEBUG    [2016-12-02 22:52:11,103]  https://api.telegram.org:443 "POST /bot195629794:AAE_sDnGaDmdcVozkKMSn9G88ckR413Rheg/sendMessage?chat_id=288164914&text=%D0%9E%D0%B6%D0%B8%D0%B4%D0%B0%D0%B9%D1%82%D0%B5%2C+%D0%BC%D1%8B+%D0%B8%D1%89%D0%B5%D0%BC+%D0%B4%D0%BB%D1%8F+%D0%92%D0%B0%D1%81+%D0%BA%D0%B0%D1%80%D1%82%D0%B8%D0%BD%D0%BE%D1%87%D0%BA%D0%B8%21 HTTP/1.1" 200 406
connectionpool.py[LINE:809]# DEBUG    [2016-12-02 22:52:11,113]  Starting new HTTPS connection (1): www.google.ru
connectionpool.py[LINE:400]# DEBUG    [2016-12-02 22:52:11,497]  https://www.google.ru:443 "GET /search?q=%D0%A1%D1%82%D1%80%D0%B0%D0%BD%D0%B0&newwindow=1&source=lnms&tbm=isch HTTP/1.1" 200 None
connectionpool.py[LINE:809]# DEBUG    [2016-12-02 22:52:12,269]  Starting new HTTPS connection (1): encrypted-tbn1.gstatic.com
connectionpool.py[LINE:400]# DEBUG    [2016-12-02 22:52:12,445]  https://encrypted-tbn1.gstatic.com:443 "GET /images?q=tbn:ANd9GcS0He7sC2ZLTpw0TJD3GMEF1Zw628J8njI5Uf9mIXzKBcAt5rIV HTTP/1.1" 200 8752
connectionpool.py[LINE:809]# DEBUG    [2016-12-02 22:52:12,461]  Starting new HTTPS connection (1): encrypted-tbn1.gstatic.com
connectionpool.py[LINE:400]# DEBUG    [2016-12-02 22:52:12,635]  https://encrypted-tbn1.gstatic.com:443 "GET /images?q=tbn:ANd9GcQs8OAiI_zB09LME9XgLBTUWdF0R98OQTe67k3y9C4toY_KAYPHXA HTTP/1.1" 200 12196
connectionpool.py[LINE:809]# DEBUG    [2016-12-02 22:52:12,694]  Starting new HTTPS connection (1): encrypted-tbn1.gstatic.com
connectionpool.py[LINE:400]# DEBUG    [2016-12-02 22:52:12,875]  https://encrypted-tbn1.gstatic.com:443 "GET /images?q=tbn:ANd9GcQS064LAGikTz3xYFAgtsPhztbhk-YPQDID3J_RjvpZk0tNZTv- HTTP/1.1" 200 15166
connectionpool.py[LINE:809]# DEBUG    [2016-12-02 22:52:12,916]  Starting new HTTPS connection (1): encrypted-tbn2.gstatic.com
connectionpool.py[LINE:400]# DEBUG    [2016-12-02 22:52:13,075]  https://encrypted-tbn2.gstatic.com:443 "GET /images?q=tbn:ANd9GcTF8ZMf6paz_aXmbPqzaY-ZVUSm89AvgxuJmRewlLiMT4bv0bmo HTTP/1.1" 200 10801
connectionpool.py[LINE:809]# DEBUG    [2016-12-02 22:52:13,110]  Starting new HTTPS connection (1): encrypted-tbn3.gstatic.com
connectionpool.py[LINE:400]# DEBUG    [2016-12-02 22:52:13,292]  https://encrypted-tbn3.gstatic.com:443 "GET /images?q=tbn:ANd9GcRJ53WevcROHJK_KXDEGUJRMPprfeHJOmT0UGOk95vSTXdvoWkq HTTP/1.1" 200 7000
connectionpool.py[LINE:809]# DEBUG    [2016-12-02 22:52:13,319]  Starting new HTTPS connection (1): encrypted-tbn2.gstatic.com
connectionpool.py[LINE:400]# DEBUG    [2016-12-02 22:52:13,497]  https://encrypted-tbn2.gstatic.com:443 "GET /images?q=tbn:ANd9GcQdZ6SkwuAWSycccDVx9CQRdQgHVSs7-bnZMeKpMjf1HNM2b7J4 HTTP/1.1" 200 8647
connectionpool.py[LINE:809]# DEBUG    [2016-12-02 22:52:13,535]  Starting new HTTPS connection (1): encrypted-tbn2.gstatic.com
connectionpool.py[LINE:400]# DEBUG    [2016-12-02 22:52:13,699]  https://encrypted-tbn2.gstatic.com:443 "GET /images?q=tbn:ANd9GcR_lL4I6dl5otvBgdXAmKQPOV048LuKv24jocm7tqOopE5rP_KXMw HTTP/1.1" 200 13396
connectionpool.py[LINE:809]# DEBUG    [2016-12-02 22:52:13,738]  Starting new HTTPS connection (1): encrypted-tbn3.gstatic.com
connectionpool.py[LINE:400]# DEBUG    [2016-12-02 22:52:13,979]  https://encrypted-tbn3.gstatic.com:443 "GET /images?q=tbn:ANd9GcQg9c5IVupCyZqEZLwAFyacdlaZ1PjLCaFOzUrCcAOJbqVz0kWO1w HTTP/1.1" 200 6271
connectionpool.py[LINE:809]# DEBUG    [2016-12-02 22:52:13,992]  Starting new HTTPS connection (1): encrypted-tbn1.gstatic.com
connectionpool.py[LINE:400]# DEBUG    [2016-12-02 22:52:14,204]  https://encrypted-tbn1.gstatic.com:443 "GET /images?q=tbn:ANd9GcQjd3GUKlb04Qu7_WVSd7FH0nXsWtdmyMcdwj49PfCEpdzWzDdWHg HTTP/1.1" 200 17037
connectionpool.py[LINE:809]# DEBUG    [2016-12-02 22:52:14,250]  Starting new HTTPS connection (1): encrypted-tbn2.gstatic.com
connectionpool.py[LINE:400]# DEBUG    [2016-12-02 22:52:14,409]  https://encrypted-tbn2.gstatic.com:443 "GET /images?q=tbn:ANd9GcSlOi6k2HEimBsfCe7VP3IDPmF8wVn6shs21iXBqSO3Q4NN3j7Y6w HTTP/1.1" 200 9560
connectionpool.py[LINE:809]# DEBUG    [2016-12-02 22:52:14,444]  Starting new HTTPS connection (1): api.telegram.org
connectionpool.py[LINE:400]# DEBUG    [2016-12-02 22:52:14,847]  https://api.telegram.org:443 "POST /bot195629794:AAE_sDnGaDmdcVozkKMSn9G88ckR413Rheg/sendPhoto?chat_id=288164914 HTTP/1.1" 200 444
connectionpool.py[LINE:809]# DEBUG    [2016-12-02 22:52:14,856]  Starting new HTTPS connection (1): api.telegram.org
connectionpool.py[LINE:400]# DEBUG    [2016-12-02 22:52:15,292]  https://api.telegram.org:443 "POST /bot195629794:AAE_sDnGaDmdcVozkKMSn9G88ckR413Rheg/sendPhoto?chat_id=288164914 HTTP/1.1" 200 444
connectionpool.py[LINE:809]# DEBUG    [2016-12-02 22:52:15,302]  Starting new HTTPS connection (1): api.telegram.org
connectionpool.py[LINE:400]# DEBUG    [2016-12-02 22:52:15,775]  https://api.telegram.org:443 "POST /bot195629794:AAE_sDnGaDmdcVozkKMSn9G88ckR413Rheg/sendPhoto?chat_id=288164914 HTTP/1.1" 200 444
connectionpool.py[LINE:809]# DEBUG    [2016-12-02 22:52:15,783]  Starting new HTTPS connection (1): api.telegram.org
connectionpool.py[LINE:400]# DEBUG    [2016-12-02 22:52:16,221]  https://api.telegram.org:443 "POST /bot195629794:AAE_sDnGaDmdcVozkKMSn9G88ckR413Rheg/sendPhoto?chat_id=288164914 HTTP/1.1" 200 446
connectionpool.py[LINE:809]# DEBUG    [2016-12-02 22:52:16,231]  Starting new HTTPS connection (1): api.telegram.org
connectionpool.py[LINE:400]# DEBUG    [2016-12-02 22:52:16,653]  https://api.telegram.org:443 "POST /bot195629794:AAE_sDnGaDmdcVozkKMSn9G88ckR413Rheg/sendPhoto?chat_id=288164914 HTTP/1.1" 200 443
connectionpool.py[LINE:809]# DEBUG    [2016-12-02 22:52:16,663]  Starting new HTTPS connection (1): api.telegram.org
connectionpool.py[LINE:400]# DEBUG    [2016-12-02 22:52:17,077]  https://api.telegram.org:443 "POST /bot195629794:AAE_sDnGaDmdcVozkKMSn9G88ckR413Rheg/sendPhoto?chat_id=288164914 HTTP/1.1" 200 448
connectionpool.py[LINE:809]# DEBUG    [2016-12-02 22:52:17,086]  Starting new HTTPS connection (1): api.telegram.org
connectionpool.py[LINE:400]# DEBUG    [2016-12-02 22:52:17,513]  https://api.telegram.org:443 "POST /bot195629794:AAE_sDnGaDmdcVozkKMSn9G88ckR413Rheg/sendPhoto?chat_id=288164914 HTTP/1.1" 200 444
connectionpool.py[LINE:809]# DEBUG    [2016-12-02 22:52:17,522]  Starting new HTTPS connection (1): api.telegram.org
connectionpool.py[LINE:400]# DEBUG    [2016-12-02 22:52:18,418]  https://api.telegram.org:443 "POST /bot195629794:AAE_sDnGaDmdcVozkKMSn9G88ckR413Rheg/sendPhoto?chat_id=288164914 HTTP/1.1" 200 442
connectionpool.py[LINE:809]# DEBUG    [2016-12-02 22:52:18,428]  Starting new HTTPS connection (1): api.telegram.org
connectionpool.py[LINE:400]# DEBUG    [2016-12-02 22:52:18,935]  https://api.telegram.org:443 "POST /bot195629794:AAE_sDnGaDmdcVozkKMSn9G88ckR413Rheg/sendPhoto?chat_id=288164914 HTTP/1.1" 200 444
connectionpool.py[LINE:809]# DEBUG    [2016-12-02 22:52:18,945]  Starting new HTTPS connection (1): api.telegram.org
connectionpool.py[LINE:400]# DEBUG    [2016-12-02 22:52:19,362]  https://api.telegram.org:443 "POST /bot195629794:AAE_sDnGaDmdcVozkKMSn9G88ckR413Rheg/sendPhoto?chat_id=288164914 HTTP/1.1" 200 444
connectionpool.py[LINE:400]# DEBUG    [2016-12-02 22:52:31,086]  https://api.telegram.org:443 "GET /bot195629794:AAE_sDnGaDmdcVozkKMSn9G88ckR413Rheg/getUpdates?timeout=20&offset=915039558 HTTP/1.1" 200 23
connectionpool.py[LINE:809]# DEBUG    [2016-12-02 22:52:31,095]  Starting new HTTPS connection (1): api.telegram.org
